<?xml version="1.0" encoding="UTF-8"?>
<testng-results ignored="0" total="1" passed="1" failed="0" skipped="0">
  <reporter-output>
  </reporter-output>
  <suite started-at="2020-09-21T18:15:26 IST" name="Default suite" finished-at="2020-09-21T18:15:33 IST" duration-ms="6592">
    <groups>
    </groups>
    <test started-at="2020-09-21T18:15:26 IST" name="Default test" finished-at="2020-09-21T18:15:33 IST" duration-ms="6592">
      <class name="amazonAutomation.LoginToAmazonTest">
        <test-method signature="loginto()[pri:0, instance:amazonAutomation.LoginToAmazonTest@3b07a0d6]" started-at="2020-09-21T18:15:26 IST" name="loginto" finished-at="2020-09-21T18:15:33 IST" duration-ms="6529" status="PASS">
          <reporter-output>
          </reporter-output>
        </test-method> <!-- loginto -->
      </class> <!-- amazonAutomation.LoginToAmazonTest -->
    </test> <!-- Default test -->
  </suite> <!-- Default suite -->
</testng-results>
