<?xml version="1.0" encoding="UTF-8"?>
<testng-results ignored="0" total="4" passed="4" failed="0" skipped="0">
  <reporter-output>
  </reporter-output>
  <suite started-at="2021-03-22T12:28:15 IST" name="Default suite" finished-at="2021-03-22T12:28:15 IST" duration-ms="97">
    <groups>
    </groups>
    <test started-at="2021-03-22T12:28:15 IST" name="Default test" finished-at="2021-03-22T12:28:15 IST" duration-ms="97">
      <class name="amazonAutomation.TestDP">
        <test-method signature="test1(java.lang.String)[pri:0, instance:amazonAutomation.TestDP@65d6b83b]" started-at="2021-03-22T12:28:15 IST" name="test1" data-provider="DPName" finished-at="2021-03-22T12:28:15 IST" duration-ms="11" status="PASS">
          <params>
            <param index="0">
              <value>
                <![CDATA[Harish]]>
              </value>
            </param>
          </params>
          <reporter-output>
          </reporter-output>
        </test-method> <!-- test1 -->
        <test-method signature="test1(java.lang.String)[pri:0, instance:amazonAutomation.TestDP@65d6b83b]" started-at="2021-03-22T12:28:15 IST" name="test1" data-provider="DPName" finished-at="2021-03-22T12:28:15 IST" duration-ms="3" status="PASS">
          <params>
            <param index="0">
              <value>
                <![CDATA[Dadi]]>
              </value>
            </param>
          </params>
          <reporter-output>
          </reporter-output>
        </test-method> <!-- test1 -->
        <test-method signature="test1(java.lang.String)[pri:0, instance:amazonAutomation.TestDP@65d6b83b]" started-at="2021-03-22T12:28:15 IST" name="test1" data-provider="DPName" finished-at="2021-03-22T12:28:15 IST" duration-ms="2" status="PASS">
          <params>
            <param index="0">
              <value>
                <![CDATA[Ramu]]>
              </value>
            </param>
          </params>
          <reporter-output>
          </reporter-output>
        </test-method> <!-- test1 -->
        <test-method signature="test1(java.lang.String)[pri:0, instance:amazonAutomation.TestDP@65d6b83b]" started-at="2021-03-22T12:28:15 IST" name="test1" data-provider="DPName" finished-at="2021-03-22T12:28:15 IST" duration-ms="2" status="PASS">
          <params>
            <param index="0">
              <value>
                <![CDATA[Bhajrang]]>
              </value>
            </param>
          </params>
          <reporter-output>
          </reporter-output>
        </test-method> <!-- test1 -->
      </class> <!-- amazonAutomation.TestDP -->
    </test> <!-- Default test -->
  </suite> <!-- Default suite -->
</testng-results>
