<?xml version="1.0" encoding="UTF-8"?>
<testng-results ignored="0" total="2" passed="2" failed="0" skipped="0">
  <reporter-output>
  </reporter-output>
  <suite started-at="2020-10-13T07:01:14Z" name="Example test run" finished-at="2020-10-13T07:01:28Z" duration-ms="13830">
    <groups>
    </groups>
    <test started-at="2020-10-13T07:01:14Z" name="Simple Test" finished-at="2020-10-13T07:01:28Z" duration-ms="13830">
      <class name="amazeAutomatePack.VeirfyParallelTest">
        <test-method signature="chrometest()[pri:0, instance:amazeAutomatePack.VeirfyParallelTest@4b44655e]" started-at="2020-10-13T07:01:14Z" name="chrometest" finished-at="2020-10-13T07:01:26Z" duration-ms="12273" status="PASS">
          <reporter-output>
          </reporter-output>
        </test-method> <!-- chrometest -->
        <test-method signature="fireforxtest()[pri:0, instance:amazeAutomatePack.VeirfyParallelTest@4b44655e]" started-at="2020-10-13T07:01:14Z" name="fireforxtest" finished-at="2020-10-13T07:01:28Z" duration-ms="13766" status="PASS">
          <reporter-output>
          </reporter-output>
        </test-method> <!-- fireforxtest -->
      </class> <!-- amazeAutomatePack.VeirfyParallelTest -->
    </test> <!-- Simple Test -->
  </suite> <!-- Example test run -->
</testng-results>
