<?xml version="1.0" encoding="UTF-8"?>
<testng-results ignored="0" total="1" passed="1" failed="0" skipped="0">
  <reporter-output>
  </reporter-output>
  <suite started-at="2020-09-21T07:02:04Z" name="Default suite" finished-at="2020-09-21T07:02:17Z" duration-ms="13265">
    <groups>
    </groups>
    <test started-at="2020-09-21T07:02:04Z" name="Default test" finished-at="2020-09-21T07:02:17Z" duration-ms="13265">
      <class name="amazeAutomatePack.LoginTest">
        <test-method is-config="true" signature="openbrowser()[pri:0, instance:amazeAutomatePack.LoginTest@27f981c6]" started-at="2020-09-21T07:02:04Z" name="openbrowser" finished-at="2020-09-21T07:02:12Z" duration-ms="8280" status="PASS">
          <reporter-output>
          </reporter-output>
        </test-method> <!-- openbrowser -->
        <test-method signature="openfb()[pri:0, instance:amazeAutomatePack.LoginTest@27f981c6]" started-at="2020-09-21T07:02:12Z" name="openfb" finished-at="2020-09-21T07:02:17Z" duration-ms="4957" status="PASS">
          <reporter-output>
          </reporter-output>
        </test-method> <!-- openfb -->
      </class> <!-- amazeAutomatePack.LoginTest -->
    </test> <!-- Default test -->
  </suite> <!-- Default suite -->
</testng-results>
