<?xml version="1.0" encoding="UTF-8"?>
<!-- Generated by org.testng.reporters.JUnitXMLReporter -->
<testsuite ignored="0" hostname="HARISH" failures="0" tests="4" name="Default test" time="0.097" errors="0" timestamp="2021-03-22T12:28:15 IST">
  <testcase classname="amazonAutomation.TestDP" name="test1" time="0.011"/>
  <testcase classname="amazonAutomation.TestDP" name="test1" time="0.003"/>
  <testcase classname="amazonAutomation.TestDP" name="test1" time="0.002"/>
  <testcase classname="amazonAutomation.TestDP" name="test1" time="0.002"/>
</testsuite> <!-- Default test -->
